[1/4] node=H5RDDZ3 · venv staging → /tmp/pii_suite_3715/ner_env
[2/4] python 3.12 (uv) 재배선
[3/4] CUDA LD 경로
[4/4] 평가 스위트 — MODEL=base-fuzzy
Warning: You are sending unauthenticated requests to the HF Hub. Please set a HF_TOKEN to enable higher rate limits and faster downloads.
[transformers] RobertaForTokenClassification LOAD REPORT from: klue/roberta-large
Key                       | Status     | 
--------------------------+------------+-
lm_head.dense.bias        | UNEXPECTED | 
lm_head.layer_norm.weight | UNEXPECTED | 
lm_head.bias              | UNEXPECTED | 
lm_head.dense.weight      | UNEXPECTED | 
lm_head.layer_norm.bias   | UNEXPECTED | 
classifier.weight         | MISSING    | 
classifier.bias           | MISSING    | 
Notes:
- UNEXPECTED:	can be ignored when loading from different task/architecture; not ok if you expect identical arch.
- MISSING:	those params were newly initialized because missing from the checkpoint. Consider training on your downstream task.
[klue_base] 라벨 20종: ['ADDRESS', 'AGE', 'BLOOD_TYPE', 'CLUB', 'DEPARTMENT', 'DT_BIRTH', 'EDUCATION', 'GRADE', 'HEIGHT', 'MAJOR', 'MILITARY', 'NATIONALITY', 'NICKNAME', 'PERSON', 'PLACE', 'POSITION', 'RELIGION', 'SEX', 'WEIGHT', 'WORKPLACE']
KDPII test 4891 / 생성 540 540
==== [단독 seqeval/klue_base] KDPII_test ====
overall F1=0.001 P=0.000 R=0.012
              precision    recall  f1-score   support
     ADDRESS      0.000     0.010     0.001       101
         AGE      0.000     0.000     0.000        56
  BLOOD_TYPE      0.000     0.000     0.000        44
        CLUB      0.000     0.015     0.001       134
  DEPARTMENT      0.000     0.000     0.000        99
    DT_BIRTH      0.000     0.000     0.000        70
   EDUCATION      0.000     0.000     0.000        89
       GRADE      0.000     0.000     0.000        36
      HEIGHT      0.000     0.000     0.000        65
       MAJOR      0.000     0.015     0.000        65
    MILITARY      0.000     0.000     0.000        32
 NATIONALITY      0.001     0.056     0.002        71
    NICKNAME      0.001     0.041     0.002        97
      PERSON      0.001     0.023     0.002       177
       PLACE      0.000     0.000     0.000       107
    POSITION      0.000     0.000     0.000       124
    RELIGION      0.000     0.000     0.000        48
         SEX      0.000     0.000     0.000        48
      WEIGHT      0.000     0.000     0.000        49
   WORKPLACE      0.000     0.035     0.001       113
   micro avg      0.000     0.012     0.001      1625
   macro avg      0.000     0.010     0.000      1625
weighted avg      0.000     0.012     0.001      1625
==== [단독 seqeval/klue_base] generated_540 ====
overall F1=0.000 P=0.000 R=0.003
              precision    recall  f1-score   support
     ADDRESS      0.000     0.000     0.000       401
         AGE      0.000     0.000     0.000        72
  BLOOD_TYPE      0.000     0.000     0.000         0
        CLUB      0.000     0.000     0.000         0
  DEPARTMENT      0.000     0.000     0.000         0
    DT_BIRTH      0.000     0.000     0.000       107
   EDUCATION      0.000     0.000     0.000        69
       GRADE      0.000     0.000     0.000         0
      HEIGHT      0.000     0.000     0.000        38
       MAJOR      0.000     0.054     0.001        74
    MILITARY      0.000     0.000     0.000         0
 NATIONALITY      0.000     0.000     0.000        48
    NICKNAME      0.000     0.000     0.000         0
      PERSON      0.001     0.003     0.002      1023
       PLACE      0.000     0.000     0.000         0
    POSITION      0.000     0.000     0.000       274
    RELIGION      0.000     0.000     0.000         0
         SEX      0.000     0.000     0.000         0
      WEIGHT      0.000     0.000     0.000        36
   WORKPLACE      0.000     0.000     0.000         0
   micro avg      0.000     0.003     0.000      2142
   macro avg      0.000     0.003     0.000      2142
weighted avg      0.001     0.003     0.001      2142
==== [전체 카테고리 채점/klue_base] KDPII_test ====
  rule    F1=0.659 P=0.698 R=0.624
  ml      F1=0.002 P=0.001 R=0.011
  hybrid  F1=0.059 P=0.032 R=0.330
  union   F1=0.108 P=0.059 R=0.634
==== [전체 카테고리 채점/klue_base] generated_540 ====
  rule    F1=0.790 P=0.794 R=0.787
  ml      F1=0.005 P=0.003 R=0.018
  hybrid  F1=0.110 P=0.063 R=0.419
  union   F1=0.195 P=0.111 R=0.791
저장: /data1/mk04/pii_ner/out/evalsuite_klue_base.json
