원문:
  신청인 홍길동 (880101-1234568) 연락처 010-1234-5678
  주소: 서울특별시 강남구 테헤란로 152

[1] ko-pii 룰 — 검출 span:
  PERSON       4-7   '홍길동'  (risk=HIGH, conf=1.0)
  RRN          9-23  '880101-1234568'  (risk=CRITICAL, conf=1.0)
  PHONE       29-42  '010-1234-5678'  (risk=HIGH, conf=1.0)
  ADDRESS     47-65  '서울특별시 강남구 테헤란로 152'  (risk=MEDIUM, conf=0.8)

[1] ko-pii 룰 + tokenize:
  신청인 <PERSON_1> (<RRN_1>) 연락처 <PHONE_1>
  주소: <ADDRESS_1>

[1] ko-pii 룰 + partial:
  신청인 홍OO (880101-1******) 연락처 010-****-5678
  주소: 서울특별시 강남구 ***

[1] ko-pii 룰 + redact:
  신청인 [성명] ([주민등록번호]) 연락처 [전화번호]
  주소: [주소]
Loading weights:   0%|          | 0/391 [00:00<?, ?it/s]Loading weights: 100%|██████████| 391/391 [00:00<00:00, 4075.38it/s]

[2] ML(전체학습 NER) — 모델의 실제 출력 = span + label (이게 전부):
  PERSON       4-7   '홍길동'
  RRN          9-23  '880101-1234568'
  PHONE       29-42  '010-1234-5678'
  ADDRESS     47-65  '서울특별시 강남구 테헤란로 152'

[3] ML 검출 + tokenize 후처리:
  신청인 <PERSON_1> (<RRN_1>) 연락처 <PHONE_1>
  주소: <ADDRESS_1>

[3] ML 검출 + redact 후처리:
  신청인 [성명] ([주민등록번호]) 연락처 [전화번호]
  주소: [주소]

※ partial(일부 가림: 홍** 등)은 카테고리별 포맷 규칙(성명 첫 자만, RRN 앞 7자리만 등)이
  필요한 후처리로, ko-pii 내장 포매터에 ML span 을 그대로 꽂으면 동일하게 동작한다.
  즉 '모델은 마스킹이 안 된다'가 아니라 — 모델은 탐지(span)까지, 마스킹은 공용 후처리.
