[1/4] node=marker-multi-gpu-server-01 · venv staging → /tmp/pii_ner_3650/ner_env
[2/4] python 3.12 (uv) 재배선
[3/4] CUDA LD 경로 + import 점검
  torch 2.12.0+cu130 cuda True
[4/4] 학습 시작 — base=klue/roberta-large out=/data1/mk04/pii_ner/out/klue_large_slurm 
학습: KDPII 40109 + 생성행정 1398 = 41507
[klue/roberta-large] 라벨 20종 · 토큰화...
train 41507 / valid 5011 / KDPII test 4891 / 생성 test 540
[transformers] RobertaForTokenClassification LOAD REPORT from: klue/roberta-large
Key                       | Status     | 
--------------------------+------------+-
lm_head.dense.bias        | UNEXPECTED | 
lm_head.bias              | UNEXPECTED | 
lm_head.layer_norm.weight | UNEXPECTED | 
lm_head.layer_norm.bias   | UNEXPECTED | 
lm_head.dense.weight      | UNEXPECTED | 
classifier.bias           | MISSING    | 
classifier.weight         | MISSING    | 
Notes:
- UNEXPECTED:	can be ignored when loading from different task/architecture; not ok if you expect identical arch.
- MISSING:	those params were newly initialized because missing from the checkpoint. Consider training on your downstream task.
[transformers] warmup_ratio is deprecated and will be removed in v5.2. Use `warmup_steps` instead.
{'loss': '0.917', 'grad_norm': '2.307', 'learning_rate': '1.021e-05', 'epoch': '0.1541'}
{'loss': '0.07109', 'grad_norm': '2.963', 'learning_rate': '1.995e-05', 'epoch': '0.3082'}
{'loss': '0.03804', 'grad_norm': '0.8648', 'learning_rate': '1.881e-05', 'epoch': '0.4622'}
{'loss': '0.02945', 'grad_norm': '2.154', 'learning_rate': '1.767e-05', 'epoch': '0.6163'}
{'loss': '0.02376', 'grad_norm': '1.856', 'learning_rate': '1.652e-05', 'epoch': '0.7704'}
{'loss': '0.02509', 'grad_norm': '2.573', 'learning_rate': '1.538e-05', 'epoch': '0.9245'}
[A{'eval_loss': '0.0364', 'eval_f1': '0.8658', 'eval_precision': '0.8274', 'eval_recall': '0.908', 'eval_runtime': '15.04', 'eval_samples_per_second': '333.2', 'eval_steps_per_second': '5.253', 'epoch': '1'}
                                               [A
{'loss': '0.01658', 'grad_norm': '0.5194', 'learning_rate': '1.424e-05', 'epoch': '1.079'}
{'loss': '0.01441', 'grad_norm': '0.272', 'learning_rate': '1.31e-05', 'epoch': '1.233'}
{'loss': '0.01101', 'grad_norm': '1.112', 'learning_rate': '1.196e-05', 'epoch': '1.387'}
{'loss': '0.01274', 'grad_norm': '1.245', 'learning_rate': '1.082e-05', 'epoch': '1.541'}
{'loss': '0.01149', 'grad_norm': '0.581', 'learning_rate': '9.675e-06', 'epoch': '1.695'}
{'loss': '0.01187', 'grad_norm': '0.09443', 'learning_rate': '8.533e-06', 'epoch': '1.849'}
[A{'eval_loss': '0.03024', 'eval_f1': '0.896', 'eval_precision': '0.8756', 'eval_recall': '0.9174', 'eval_runtime': '20.48', 'eval_samples_per_second': '244.7', 'eval_steps_per_second': '3.858', 'epoch': '2'}
                                               [A
{'loss': '0.01113', 'grad_norm': '0.7879', 'learning_rate': '7.392e-06', 'epoch': '2.003'}
{'loss': '0.00569', 'grad_norm': '0.1445', 'learning_rate': '6.25e-06', 'epoch': '2.157'}
{'loss': '0.005451', 'grad_norm': '0.06045', 'learning_rate': '5.108e-06', 'epoch': '2.311'}
{'loss': '0.005545', 'grad_norm': '0.4079', 'learning_rate': '3.967e-06', 'epoch': '2.465'}
{'loss': '0.00532', 'grad_norm': '0.03377', 'learning_rate': '2.825e-06', 'epoch': '2.619'}
{'loss': '0.00465', 'grad_norm': '3.296', 'learning_rate': '1.684e-06', 'epoch': '2.773'}
{'loss': '0.004321', 'grad_norm': '0.03469', 'learning_rate': '5.422e-07', 'epoch': '2.928'}
[A{'eval_loss': '0.02874', 'eval_f1': '0.9107', 'eval_precision': '0.8952', 'eval_recall': '0.9268', 'eval_runtime': '27.68', 'eval_samples_per_second': '181', 'eval_steps_per_second': '2.854', 'epoch': '3'}
                                               [A
{'train_runtime': '867.4', 'train_samples_per_second': '143.6', 'train_steps_per_second': '4.489', 'train_loss': '0.063', 'epoch': '3'}
==== [klue/roberta-large] KDPII_test ====
overall F1=0.937 P=0.924 R=0.950
              precision    recall  f1-score   support
     ADDRESS      0.950     0.941     0.945       101
         AGE      0.966     1.000     0.982        56
  BLOOD_TYPE      0.978     1.000     0.989        44
        CLUB      0.865     0.858     0.861       134
  DEPARTMENT      0.970     0.970     0.970        99
    DT_BIRTH      0.986     1.000     0.993        70
   EDUCATION      0.956     0.978     0.967        89
       GRADE      0.972     0.972     0.972        36
      HEIGHT      0.985     0.985     0.985        65
       MAJOR      0.984     0.954     0.969        65
    MILITARY      0.914     1.000     0.955        32
 NATIONALITY      0.973     1.000     0.986        71
    NICKNAME      0.798     0.897     0.845        97
      PERSON      0.935     0.983     0.959       177
       PLACE      0.796     0.841     0.818       107
    POSITION      0.917     0.976     0.945       124
    RELIGION      0.939     0.958     0.948        48
         SEX      1.000     1.000     1.000        48
      WEIGHT      1.000     1.000     1.000        49
   WORKPLACE      0.878     0.894     0.886       113
   micro avg      0.924     0.950     0.937      1625
   macro avg      0.938     0.960     0.949      1625
weighted avg      0.925     0.950     0.937      1625
==== [klue/roberta-large] generated_540 ====
overall F1=0.862 P=0.852 R=0.873
              precision    recall  f1-score   support
     ADDRESS      0.811     0.910     0.858       401
         AGE      0.729     0.708     0.718        72
        CLUB      0.000     0.000     0.000         0
  DEPARTMENT      0.000     0.000     0.000         0
    DT_BIRTH      0.856     0.888     0.872       107
   EDUCATION      0.513     0.580     0.544        69
       GRADE      0.000     0.000     0.000         0
      HEIGHT      0.900     0.947     0.923        38
       MAJOR      0.768     0.986     0.864        74
 NATIONALITY      0.784     0.833     0.808        48
    NICKNAME      0.000     0.000     0.000         0
      PERSON      0.974     0.962     0.968      1023
       PLACE      0.000     0.000     0.000         0
    POSITION      0.770     0.551     0.643       274
      WEIGHT      0.872     0.944     0.907        36
   WORKPLACE      0.000     0.000     0.000         0
   micro avg      0.852     0.873     0.862      2142
   macro avg      0.499     0.519     0.507      2142
weighted avg      0.874     0.873     0.870      2142
저장: /data1/mk04/pii_ner/out/klue_large_slurm/final + result.json
