[1/4] node=marker-multi-gpu-server-01 · venv staging → /tmp/pii_ner_3654/ner_env
[2/4] python 3.12 (uv) 재배선
[3/4] CUDA LD 경로 + import 점검
  torch 2.12.0+cu130 cuda True
[4/4] 학습 시작 — base=klue/roberta-large out=/data1/mk04/pii_ner/out/klue_lr3_slurm --lr 3e-5 --epochs 6 --bs 32
학습: KDPII 40109 + 생성행정 1398 = 41507
[klue/roberta-large] 라벨 20종 · 토큰화...
train 41507 / valid 5011 / KDPII test 4891 / 생성 test 540
[transformers] RobertaForTokenClassification LOAD REPORT from: klue/roberta-large
Key                       | Status     | 
--------------------------+------------+-
lm_head.layer_norm.weight | UNEXPECTED | 
lm_head.dense.weight      | UNEXPECTED | 
lm_head.dense.bias        | UNEXPECTED | 
lm_head.layer_norm.bias   | UNEXPECTED | 
lm_head.bias              | UNEXPECTED | 
classifier.bias           | MISSING    | 
classifier.weight         | MISSING    | 
Notes:
- UNEXPECTED:	can be ignored when loading from different task/architecture; not ok if you expect identical arch.
- MISSING:	those params were newly initialized because missing from the checkpoint. Consider training on your downstream task.
[transformers] warmup_ratio is deprecated and will be removed in v5.2. Use `warmup_steps` instead.
{'loss': '1.176', 'grad_norm': '2.304', 'learning_rate': '7.664e-06', 'epoch': '0.1541'}
{'loss': '0.0936', 'grad_norm': '3.552', 'learning_rate': '1.537e-05', 'epoch': '0.3082'}
{'loss': '0.04718', 'grad_norm': '0.3564', 'learning_rate': '2.307e-05', 'epoch': '0.4622'}
{'loss': '0.03822', 'grad_norm': '13.09', 'learning_rate': '2.991e-05', 'epoch': '0.6163'}
{'loss': '0.03272', 'grad_norm': '1.881', 'learning_rate': '2.906e-05', 'epoch': '0.7704'}
{'loss': '0.03316', 'grad_norm': '2.034', 'learning_rate': '2.82e-05', 'epoch': '0.9245'}
[A{'eval_loss': '0.0326', 'eval_f1': '0.8691', 'eval_precision': '0.85', 'eval_recall': '0.8891', 'eval_runtime': '32.67', 'eval_samples_per_second': '153.4', 'eval_steps_per_second': '2.418', 'epoch': '1'}
                                               [A
{'loss': '0.02632', 'grad_norm': '1.382', 'learning_rate': '2.735e-05', 'epoch': '1.079'}
{'loss': '0.02146', 'grad_norm': '0.3124', 'learning_rate': '2.649e-05', 'epoch': '1.233'}
{'loss': '0.01768', 'grad_norm': '0.921', 'learning_rate': '2.563e-05', 'epoch': '1.387'}
{'loss': '0.01703', 'grad_norm': '1.392', 'learning_rate': '2.478e-05', 'epoch': '1.541'}
{'loss': '0.01877', 'grad_norm': '0.8274', 'learning_rate': '2.392e-05', 'epoch': '1.695'}
{'loss': '0.01665', 'grad_norm': '0.1726', 'learning_rate': '2.307e-05', 'epoch': '1.849'}
[A{'eval_loss': '0.02899', 'eval_f1': '0.8858', 'eval_precision': '0.8707', 'eval_recall': '0.9015', 'eval_runtime': '6.836', 'eval_samples_per_second': '733', 'eval_steps_per_second': '11.56', 'epoch': '2'}
                                               [A
{'loss': '0.01655', 'grad_norm': '1.195', 'learning_rate': '2.221e-05', 'epoch': '2.003'}
{'loss': '0.01119', 'grad_norm': '0.2642', 'learning_rate': '2.135e-05', 'epoch': '2.157'}
{'loss': '0.008926', 'grad_norm': '0.02059', 'learning_rate': '2.05e-05', 'epoch': '2.311'}
{'loss': '0.01137', 'grad_norm': '0.607', 'learning_rate': '1.964e-05', 'epoch': '2.465'}
{'loss': '0.009119', 'grad_norm': '0.05709', 'learning_rate': '1.879e-05', 'epoch': '2.619'}
{'loss': '0.01004', 'grad_norm': '0.382', 'learning_rate': '1.793e-05', 'epoch': '2.773'}
{'loss': '0.009114', 'grad_norm': '2.82', 'learning_rate': '1.707e-05', 'epoch': '2.928'}
[A{'eval_loss': '0.03669', 'eval_f1': '0.8942', 'eval_precision': '0.8814', 'eval_recall': '0.9074', 'eval_runtime': '3.22', 'eval_samples_per_second': '1556', 'eval_steps_per_second': '24.53', 'epoch': '3'}
                                               [A
{'loss': '0.007525', 'grad_norm': '0.2551', 'learning_rate': '1.622e-05', 'epoch': '3.082'}
{'loss': '0.005413', 'grad_norm': '0.6331', 'learning_rate': '1.536e-05', 'epoch': '3.236'}
{'loss': '0.004769', 'grad_norm': '0.2283', 'learning_rate': '1.451e-05', 'epoch': '3.39'}
{'loss': '0.005405', 'grad_norm': '0.2293', 'learning_rate': '1.365e-05', 'epoch': '3.544'}
{'loss': '0.00429', 'grad_norm': '1.834', 'learning_rate': '1.279e-05', 'epoch': '3.698'}
{'loss': '0.005966', 'grad_norm': '0.36', 'learning_rate': '1.194e-05', 'epoch': '3.852'}
[A{'eval_loss': '0.0271', 'eval_f1': '0.9112', 'eval_precision': '0.8999', 'eval_recall': '0.9227', 'eval_runtime': '19.71', 'eval_samples_per_second': '254.2', 'eval_steps_per_second': '4.008', 'epoch': '4'}
                                               [A
{'loss': '0.005625', 'grad_norm': '0.03917', 'learning_rate': '1.108e-05', 'epoch': '4.006'}
{'loss': '0.002163', 'grad_norm': '0.1679', 'learning_rate': '1.023e-05', 'epoch': '4.16'}
{'loss': '0.002942', 'grad_norm': '0.3345', 'learning_rate': '9.369e-06', 'epoch': '4.314'}
{'loss': '0.002173', 'grad_norm': '0.006047', 'learning_rate': '8.513e-06', 'epoch': '4.468'}
{'loss': '0.003038', 'grad_norm': '0.1908', 'learning_rate': '7.657e-06', 'epoch': '4.622'}
{'loss': '0.001833', 'grad_norm': '0.05788', 'learning_rate': '6.801e-06', 'epoch': '4.777'}
{'loss': '0.002349', 'grad_norm': '0.04537', 'learning_rate': '5.945e-06', 'epoch': '4.931'}
[A{'eval_loss': '0.03002', 'eval_f1': '0.9074', 'eval_precision': '0.8881', 'eval_recall': '0.9274', 'eval_runtime': '12.47', 'eval_samples_per_second': '402', 'eval_steps_per_second': '6.337', 'epoch': '5'}
                                               [A
{'loss': '0.001637', 'grad_norm': '0.004121', 'learning_rate': '5.089e-06', 'epoch': '5.085'}
{'loss': '0.001406', 'grad_norm': '0.002825', 'learning_rate': '4.233e-06', 'epoch': '5.239'}
{'loss': '0.001162', 'grad_norm': '0.04252', 'learning_rate': '3.377e-06', 'epoch': '5.393'}
{'loss': '0.001457', 'grad_norm': '0.1727', 'learning_rate': '2.521e-06', 'epoch': '5.547'}
{'loss': '0.001303', 'grad_norm': '0.003526', 'learning_rate': '1.665e-06', 'epoch': '5.701'}
{'loss': '0.0008856', 'grad_norm': '0.3985', 'learning_rate': '8.09e-07', 'epoch': '5.855'}
[A{'eval_loss': '0.03153', 'eval_f1': '0.9252', 'eval_precision': '0.9166', 'eval_recall': '0.9339', 'eval_runtime': '15.38', 'eval_samples_per_second': '325.8', 'eval_steps_per_second': '5.137', 'epoch': '6'}
                                               [A
{'train_runtime': '1693', 'train_samples_per_second': '147.1', 'train_steps_per_second': '4.599', 'train_loss': '0.04308', 'epoch': '6'}
==== [klue/roberta-large] KDPII_test ====
overall F1=0.928 P=0.920 R=0.937
              precision    recall  f1-score   support
     ADDRESS      0.931     0.931     0.931       101
         AGE      0.966     1.000     0.982        56
  BLOOD_TYPE      0.978     1.000     0.989        44
        CLUB      0.853     0.821     0.837       134
  DEPARTMENT      0.970     0.990     0.980        99
    DT_BIRTH      0.972     1.000     0.986        70
   EDUCATION      0.944     0.955     0.950        89
       GRADE      0.972     0.972     0.972        36
      HEIGHT      1.000     1.000     1.000        65
       MAJOR      0.969     0.969     0.969        65
    MILITARY      0.886     0.969     0.925        32
 NATIONALITY      0.973     1.000     0.986        71
    NICKNAME      0.854     0.845     0.850        97
      PERSON      0.899     0.960     0.929       177
       PLACE      0.789     0.841     0.814       107
    POSITION      0.917     0.976     0.945       124
    RELIGION      0.940     0.979     0.959        48
         SEX      1.000     1.000     1.000        48
      WEIGHT      1.000     1.000     1.000        49
   WORKPLACE      0.877     0.823     0.849       113
   micro avg      0.920     0.937     0.928      1625
   macro avg      0.935     0.952     0.943      1625
weighted avg      0.920     0.937     0.928      1625
==== [klue/roberta-large] generated_540 ====
overall F1=0.859 P=0.852 R=0.866
              precision    recall  f1-score   support
     ADDRESS      0.851     0.940     0.893       401
         AGE      0.500     0.514     0.507        72
        CLUB      0.000     0.000     0.000         0
  DEPARTMENT      0.000     0.000     0.000         0
    DT_BIRTH      0.879     0.879     0.879       107
   EDUCATION      0.533     0.580     0.556        69
       GRADE      0.000     0.000     0.000         0
      HEIGHT      0.857     0.947     0.900        38
       MAJOR      0.785     0.986     0.874        74
 NATIONALITY      0.875     0.875     0.875        48
    NICKNAME      0.000     0.000     0.000         0
      PERSON      0.978     0.951     0.964      1023
       PLACE      0.000     0.000     0.000         0
    POSITION      0.733     0.540     0.622       274
      WEIGHT      0.872     0.944     0.907        36
   WORKPLACE      0.000     0.000     0.000         0
   micro avg      0.852     0.866     0.859      2142
   macro avg      0.491     0.510     0.499      2142
weighted avg      0.875     0.866     0.867      2142
저장: /data1/mk04/pii_ner/out/klue_lr3_slurm/final + result.json
